<2024-05-05 13:01:45>  IPstatiticsAdd >case UPDATE [SourceStatistic] SUCCESS :LastUpdateDate =2024/5/5 下午 01:01:45 ,SourceStatisticsID =47833;Title =海康指纹门禁一体机DS-K1T804M
<2024-05-05 13:21:42>  IPstatiticsAdd >case UPDATE [SourceStatistic] SUCCESS :LastUpdateDate =2024/5/5 下午 01:21:42 ,SourceStatisticsID =47833;Title =海康指纹门禁一体机DS-K1T804M
<2024-05-05 13:33:47>  IPstatiticsAdd >case UPDATE [SourceStatistic] SUCCESS :LastUpdateDate =2024/5/5 下午 01:33:47 ,SourceStatisticsID =47833;Title =海康指纹门禁一体机DS-K1T804M
<2024-05-05 13:34:34>  IPstatiticsAdd >case UPDATE [SourceStatistic] SUCCESS :LastUpdateDate =2024/5/5 下午 01:34:34 ,SourceStatisticsID =47833;Title =海康指纹门禁一体机DS-K1T804M
<2024-05-05 13:36:48>  IPstatiticsAdd >case UPDATE [SourceStatistic] SUCCESS :LastUpdateDate =2024/5/5 下午 01:36:48 ,SourceStatisticsID =47833;Title =海康指纹门禁一体机DS-K1T804M
<2024-05-05 13:37:47>  IPstatiticsAdd >case UPDATE [SourceStatistic] SUCCESS :LastUpdateDate =2024/5/5 下午 01:37:47 ,SourceStatisticsID =47833;Title =海康指纹门禁一体机DS-K1T804M
<2024-05-05 13:37:54>  IPstatiticsAdd >case UPDATE [SourceStatistic] SUCCESS :LastUpdateDate =2024/5/5 下午 01:37:54 ,SourceStatisticsID =47833;Title =海康指纹门禁一体机DS-K1T804M
<2024-05-05 13:38:13>  IPstatiticsAdd >case UPDATE [SourceStatistic] SUCCESS :LastUpdateDate =2024/5/5 下午 01:38:13 ,SourceStatisticsID =47833;Title =海康指纹门禁一体机DS-K1T804M
<2024-05-05 13:39:04>  IPstatiticsAdd >case UPDATE [SourceStatistic] SUCCESS :LastUpdateDate =2024/5/5 下午 01:39:04 ,SourceStatisticsID =47833;Title =海康指纹门禁一体机DS-K1T804M
<2024-05-05 13:40:31>  IPstatiticsAdd >case UPDATE [SourceStatistic] SUCCESS :LastUpdateDate =2024/5/5 下午 01:40:31 ,SourceStatisticsID =47833;Title =海康指纹门禁一体机DS-K1T804M
<2024-05-05 13:42:40>  IPstatiticsAdd >case UPDATE [SourceStatistic] SUCCESS :LastUpdateDate =2024/5/5 下午 01:42:40 ,SourceStatisticsID =47833;Title =海康指纹门禁一体机DS-K1T804M
<2024-05-05 13:43:33>  IPstatiticsAdd >case UPDATE [SourceStatistic] SUCCESS :LastUpdateDate =2024/5/5 下午 01:43:33 ,SourceStatisticsID =47833;Title =海康指纹门禁一体机DS-K1T804M
<2024-05-05 13:44:06>  IPstatiticsAdd >case UPDATE [SourceStatistic] SUCCESS :LastUpdateDate =2024/5/5 下午 01:44:06 ,SourceStatisticsID =47833;Title =海康指纹门禁一体机DS-K1T804M
<2024-05-05 13:44:13>  IPstatiticsAdd >case UPDATE [SourceStatistic] SUCCESS :LastUpdateDate =2024/5/5 下午 01:44:13 ,SourceStatisticsID =47833;Title =海康指纹门禁一体机DS-K1T804M
<2024-05-05 13:44:38>  IPstatiticsAdd >case UPDATE [SourceStatistic] SUCCESS :LastUpdateDate =2024/5/5 下午 01:44:38 ,SourceStatisticsID =47833;Title =海康指纹门禁一体机DS-K1T804M
<2024-05-05 13:44:53>  IPstatiticsAdd >case UPDATE [SourceStatistic] SUCCESS :LastUpdateDate =2024/5/5 下午 01:44:53 ,SourceStatisticsID =47833;Title =海康指纹门禁一体机DS-K1T804M
<2024-05-05 13:45:26>  IPstatiticsAdd >case UPDATE [SourceStatistic] SUCCESS :LastUpdateDate =2024/5/5 下午 01:45:26 ,SourceStatisticsID =47833;Title =海康指纹门禁一体机DS-K1T804M
<2024-05-05 13:46:32>  IPstatiticsAdd >case UPDATE [SourceStatistic] SUCCESS :LastUpdateDate =2024/5/5 下午 01:46:32 ,SourceStatisticsID =47833;Title =海康指纹门禁一体机DS-K1T804M
<2024-05-05 13:47:14>  IPstatiticsAdd >case UPDATE [SourceStatistic] SUCCESS :LastUpdateDate =2024/5/5 下午 01:47:14 ,SourceStatisticsID =47833;Title =海康指纹门禁一体机DS-K1T804M
<2024-05-05 13:47:32>  IPstatiticsAdd >case UPDATE [SourceStatistic] SUCCESS :LastUpdateDate =2024/5/5 下午 01:47:32 ,SourceStatisticsID =47833;Title =海康指纹门禁一体机DS-K1T804M
<2024-05-05 13:49:49>  IPstatiticsAdd >case UPDATE [SourceStatistic] SUCCESS :LastUpdateDate =2024/5/5 下午 01:49:49 ,SourceStatisticsID =47833;Title =海康指纹门禁一体机DS-K1T804M
<2024-05-05 13:49:59>  IPstatiticsAdd >case UPDATE [SourceStatistic] SUCCESS :LastUpdateDate =2024/5/5 下午 01:49:59 ,SourceStatisticsID =47833;Title =海康指纹门禁一体机DS-K1T804M
<2024-05-05 13:50:44>  IPstatiticsAdd >case UPDATE [SourceStatistic] SUCCESS :LastUpdateDate =2024/5/5 下午 01:50:44 ,SourceStatisticsID =47833;Title =海康指纹门禁一体机DS-K1T804M
<2024-05-05 13:51:52>  IPstatiticsAdd >case UPDATE [SourceStatistic] SUCCESS :LastUpdateDate =2024/5/5 下午 01:51:52 ,SourceStatisticsID =47833;Title =海康指纹门禁一体机DS-K1T804M
<2024-05-05 13:52:21>  IPstatiticsAdd >case UPDATE [SourceStatistic] SUCCESS :LastUpdateDate =2024/5/5 下午 01:52:21 ,SourceStatisticsID =47833;Title =海康指纹门禁一体机DS-K1T804M
<2024-05-05 13:52:46>  IPstatiticsAdd >case UPDATE [SourceStatistic] SUCCESS :LastUpdateDate =2024/5/5 下午 01:52:46 ,SourceStatisticsID =47833;Title =海康指纹门禁一体机DS-K1T804M
<2024-05-05 13:53:18>  IPstatiticsAdd >case UPDATE [SourceStatistic] SUCCESS :LastUpdateDate =2024/5/5 下午 01:53:18 ,SourceStatisticsID =47833;Title =海康指纹门禁一体机DS-K1T804M
<2024-05-05 13:53:36>  IPstatiticsAdd >case UPDATE [SourceStatistic] SUCCESS :LastUpdateDate =2024/5/5 下午 01:53:36 ,SourceStatisticsID =47833;Title =海康指纹门禁一体机DS-K1T804M
<2024-05-05 13:57:25>  IPstatiticsAdd >case UPDATE [SourceStatistic] SUCCESS :LastUpdateDate =2024/5/5 下午 01:57:25 ,SourceStatisticsID =47833;Title =海康指纹门禁一体机DS-K1T804M
<2024-05-05 14:00:10>  IPstatiticsAdd >case UPDATE [SourceStatistic] SUCCESS :LastUpdateDate =2024/5/5 下午 02:00:10 ,SourceStatisticsID =47833;Title =海康指纹门禁一体机DS-K1T804M
<2024-05-05 14:01:27>  IPstatiticsAdd >case UPDATE [SourceStatistic] SUCCESS :LastUpdateDate =2024/5/5 下午 02:01:27 ,SourceStatisticsID =47833;Title =海康指纹门禁一体机DS-K1T804M
<2024-05-05 14:01:30>  IPstatiticsAdd >case UPDATE [SourceStatistic] SUCCESS :LastUpdateDate =2024/5/5 下午 02:01:30 ,SourceStatisticsID =47833;Title =海康指纹门禁一体机DS-K1T804M
<2024-05-05 14:05:40>  IPstatiticsAdd >case UPDATE [SourceStatistic] SUCCESS :LastUpdateDate =2024/5/5 下午 02:05:40 ,SourceStatisticsID =47833;Title =海康指纹门禁一体机DS-K1T804M
<2024-05-05 14:06:21>  IPstatiticsAdd >case UPDATE [SourceStatistic] SUCCESS :LastUpdateDate =2024/5/5 下午 02:06:21 ,SourceStatisticsID =47833;Title =海康指纹门禁一体机DS-K1T804M
<2024-05-05 14:15:58>  IPstatiticsAdd >case UPDATE [SourceStatistic] SUCCESS :LastUpdateDate =2024/5/5 下午 02:15:58 ,SourceStatisticsID =47833;Title =海康指纹门禁一体机DS-K1T804M
<2024-05-05 14:17:57>  IPstatiticsAdd >case UPDATE [SourceStatistic] SUCCESS :LastUpdateDate =2024/5/5 下午 02:17:57 ,SourceStatisticsID =47833;Title =海康指纹门禁一体机DS-K1T804M
<2024-05-05 14:48:22>  IPstatiticsAdd >case UPDATE [SourceStatistic] SUCCESS :LastUpdateDate =2024/5/5 下午 02:48:22 ,SourceStatisticsID =47833;Title =海康指纹门禁一体机DS-K1T804M
<2024-05-05 14:48:30>  IPstatiticsAdd >case UPDATE [SourceStatistic] SUCCESS :LastUpdateDate =2024/5/5 下午 02:48:30 ,SourceStatisticsID =47833;Title =海康指纹门禁一体机DS-K1T804M
<2024-05-05 14:48:55>  IPstatiticsAdd >case UPDATE [SourceStatistic] SUCCESS :LastUpdateDate =2024/5/5 下午 02:48:55 ,SourceStatisticsID =47833;Title =海康指纹门禁一体机DS-K1T804M
<2024-05-05 14:51:39>  IPstatiticsAdd >case UPDATE [SourceStatistic] SUCCESS :LastUpdateDate =2024/5/5 下午 02:51:39 ,SourceStatisticsID =47833;Title =海康指纹门禁一体机DS-K1T804M
<2024-05-05 17:36:35>  IPstatiticsAdd >case UPDATE [SourceStatistic] SUCCESS :LastUpdateDate =5/5/2024 17:36:35 ,SourceStatisticsID =47833;Title =海康指纹门禁一体机DS-K1T804M
<2024-05-05 18:51:38>  IPstatiticsAdd >case UPDATE [SourceStatistic] SUCCESS :LastUpdateDate =2024/5/5 18:51:38 ,SourceStatisticsID =47833;Title =海康指纹门禁一体机DS-K1T804M
<2024-05-05 18:51:46>  IPstatiticsAdd >case UPDATE [SourceStatistic] SUCCESS :LastUpdateDate =2024/5/5 18:51:46 ,SourceStatisticsID =47833;Title =海康指纹门禁一体机DS-K1T804M
<2024-05-05 18:51:50>  IPstatiticsAdd >case UPDATE [SourceStatistic] SUCCESS :LastUpdateDate =2024/5/5 18:51:50 ,SourceStatisticsID =47833;Title =海康指纹门禁一体机DS-K1T804M
<2024-05-05 18:51:53>  IPstatiticsAdd >case UPDATE [SourceStatistic] SUCCESS :LastUpdateDate =2024/5/5 18:51:53 ,SourceStatisticsID =47833;Title =海康指纹门禁一体机DS-K1T804M
<2024-05-05 18:51:55>  IPstatiticsAdd >case UPDATE [SourceStatistic] SUCCESS :LastUpdateDate =2024/5/5 18:51:55 ,SourceStatisticsID =47833;Title =海康指纹门禁一体机DS-K1T804M
<2024-05-05 18:51:58>  IPstatiticsAdd >case UPDATE [SourceStatistic] SUCCESS :LastUpdateDate =2024/5/5 18:51:58 ,SourceStatisticsID =47833;Title =海康指纹门禁一体机DS-K1T804M
<2024-05-05 18:52:28>  IPstatiticsAdd >case UPDATE [SourceStatistic] SUCCESS :LastUpdateDate =2024/5/5 18:52:28 ,SourceStatisticsID =47833;Title =海康指纹门禁一体机DS-K1T804M
<2024-05-05 18:52:33>  IPstatiticsAdd >case UPDATE [SourceStatistic] SUCCESS :LastUpdateDate =2024/5/5 18:52:33 ,SourceStatisticsID =47833;Title =海康指纹门禁一体机DS-K1T804M
<2024-05-05 19:11:19>  IPstatiticsAdd >case UPDATE [SourceStatistic] SUCCESS :LastUpdateDate =2024/5/5 19:11:19 ,SourceStatisticsID =47833;Title =海康指纹门禁一体机DS-K1T804M
<2024-05-05 19:20:31>  IPstatiticsAdd >case UPDATE [SourceStatistic] SUCCESS :LastUpdateDate =2024/5/5 19:20:31 ,SourceStatisticsID =47833;Title =海康指纹门禁一体机DS-K1T804M
<2024-05-05 19:21:57>  IPstatiticsAdd >case UPDATE [SourceStatistic] SUCCESS :LastUpdateDate =2024/5/5 19:21:57 ,SourceStatisticsID =47833;Title =海康指纹门禁一体机DS-K1T804M
<2024-05-05 20:30:10>  IPstatiticsAdd >case UPDATE [SourceStatistic] SUCCESS :LastUpdateDate =2024/5/5 20:30:10 ,SourceStatisticsID =47833;Title =海康指纹门禁一体机DS-K1T804M
<2024-05-05 20:31:55>  IPstatiticsAdd >case UPDATE [SourceStatistic] SUCCESS :LastUpdateDate =2024/5/5 20:31:55 ,SourceStatisticsID =47833;Title =海康指纹门禁一体机DS-K1T804M
<2024-05-05 20:32:09>  IPstatiticsAdd >case UPDATE [SourceStatistic] SUCCESS :LastUpdateDate =2024/5/5 20:32:09 ,SourceStatisticsID =47833;Title =海康指纹门禁一体机DS-K1T804M
<2024-05-05 20:32:56>  IPstatiticsAdd >case UPDATE [SourceStatistic] SUCCESS :LastUpdateDate =2024/5/5 20:32:56 ,SourceStatisticsID =47833;Title =海康指纹门禁一体机DS-K1T804M
<2024-05-05 20:43:15>  IPstatiticsAdd >case UPDATE [SourceStatistic] SUCCESS :LastUpdateDate =2024/5/5 20:43:15 ,SourceStatisticsID =47833;Title =海康指纹门禁一体机DS-K1T804M
<2024-05-05 20:43:21>  IPstatiticsAdd >case UPDATE [SourceStatistic] SUCCESS :LastUpdateDate =2024/5/5 20:43:21 ,SourceStatisticsID =47833;Title =海康指纹门禁一体机DS-K1T804M
<2024-05-05 20:44:00>  IPstatiticsAdd >case UPDATE [SourceStatistic] SUCCESS :LastUpdateDate =2024/5/5 20:44:00 ,SourceStatisticsID =47833;Title =海康指纹门禁一体机DS-K1T804M
<2024-05-05 20:44:05>  IPstatiticsAdd >case UPDATE [SourceStatistic] SUCCESS :LastUpdateDate =2024/5/5 20:44:05 ,SourceStatisticsID =47833;Title =海康指纹门禁一体机DS-K1T804M
<2024-05-05 20:45:59>  IPstatiticsAdd >case UPDATE [SourceStatistic] SUCCESS :LastUpdateDate =5/5/2024 20:45:59 ,SourceStatisticsID =47833;Title =海康指纹门禁一体机DS-K1T804M
<2024-05-05 20:48:44>  IPstatiticsAdd >case UPDATE [SourceStatistic] SUCCESS :LastUpdateDate =5/5/2024 20:48:44 ,SourceStatisticsID =47833;Title =海康指纹门禁一体机DS-K1T804M
<2024-05-05 20:50:27>  IPstatiticsAdd >case UPDATE [SourceStatistic] SUCCESS :LastUpdateDate =5/5/2024 20:50:27 ,SourceStatisticsID =47833;Title =海康指纹门禁一体机DS-K1T804M
<2024-05-05 20:56:24>  IPstatiticsAdd >case UPDATE [SourceStatistic] SUCCESS :LastUpdateDate =5/5/2024 20:56:24 ,SourceStatisticsID =47833;Title =海康指纹门禁一体机DS-K1T804M
<2024-05-05 21:01:03>  IPstatiticsAdd >case UPDATE [SourceStatistic] SUCCESS :LastUpdateDate =5/5/2024 21:01:03 ,SourceStatisticsID =47833;Title =海康指纹门禁一体机DS-K1T804M
<2024-05-05 21:05:28>  IPstatiticsAdd >case UPDATE [SourceStatistic] SUCCESS :LastUpdateDate =5/5/2024 21:05:28 ,SourceStatisticsID =47833;Title =海康指纹门禁一体机DS-K1T804M
<2024-05-05 21:07:25>  IPstatiticsAdd >case UPDATE [SourceStatistic] SUCCESS :LastUpdateDate =5/5/2024 21:07:25 ,SourceStatisticsID =47833;Title =海康指纹门禁一体机DS-K1T804M
<2024-05-05 21:10:00>  IPstatiticsAdd >case UPDATE [SourceStatistic] SUCCESS :LastUpdateDate =5/5/2024 21:10:00 ,SourceStatisticsID =47833;Title =海康指纹门禁一体机DS-K1T804M
<2024-05-05 21:12:47>  IPstatiticsAdd >case UPDATE [SourceStatistic] SUCCESS :LastUpdateDate =5/5/2024 21:12:47 ,SourceStatisticsID =47833;Title =海康指纹门禁一体机DS-K1T804M
<2024-05-05 21:14:55>  IPstatiticsAdd >case UPDATE [SourceStatistic] SUCCESS :LastUpdateDate =5/5/2024 21:14:55 ,SourceStatisticsID =47833;Title =海康指纹门禁一体机DS-K1T804M
<2024-05-05 21:15:08>  IPstatiticsAdd >case UPDATE [SourceStatistic] SUCCESS :LastUpdateDate =5/5/2024 21:15:08 ,SourceStatisticsID =47833;Title =海康指纹门禁一体机DS-K1T804M
<2024-05-05 21:15:17>  IPstatiticsAdd >case UPDATE [SourceStatistic] SUCCESS :LastUpdateDate =5/5/2024 21:15:17 ,SourceStatisticsID =47833;Title =海康指纹门禁一体机DS-K1T804M
<2024-05-05 21:16:17>  IPstatiticsAdd >case UPDATE [SourceStatistic] SUCCESS :LastUpdateDate =5/5/2024 21:16:17 ,SourceStatisticsID =47833;Title =海康指纹门禁一体机DS-K1T804M
<2024-05-05 21:58:47>  IPstatiticsAdd >case UPDATE [SourceStatistic] SUCCESS :LastUpdateDate =5/5/2024 21:58:47 ,SourceStatisticsID =47833;Title =海康指纹门禁一体机DS-K1T804M
<2024-05-06 05:19:48>  IPstatiticsAdd >case UPDATE [SourceStatistic] SUCCESS :LastUpdateDate =6/5/2024 5:19:48 ,SourceStatisticsID =47836;Title =海康指纹门禁一体机DS-K1T804M
<2024-05-07 15:09:48>  IPstatiticsAdd >case UPDATE [SourceStatistic] SUCCESS :LastUpdateDate =7/5/2024 15:09:48 ,SourceStatisticsID =47860;Title =海康指纹门禁一体机DS-K1T804M
<2024-05-07 15:27:41>  IPstatiticsAdd >case UPDATE [SourceStatistic] SUCCESS :LastUpdateDate =7/5/2024 15:27:41 ,SourceStatisticsID =47860;Title =海康指纹门禁一体机DS-K1T804M
<2024-05-07 16:02:41>  IPstatiticsAdd >case UPDATE [SourceStatistic] SUCCESS :LastUpdateDate =7/5/2024 16:02:41 ,SourceStatisticsID =47860;Title =海康指纹门禁一体机DS-K1T804M
<2024-05-07 16:10:47>  IPstatiticsAdd >case UPDATE [SourceStatistic] SUCCESS :LastUpdateDate =7/5/2024 16:10:47 ,SourceStatisticsID =47860;Title =海康指纹门禁一体机DS-K1T804M
<2024-05-07 16:12:09>  IPstatiticsAdd >case UPDATE [SourceStatistic] SUCCESS :LastUpdateDate =7/5/2024 16:12:09 ,SourceStatisticsID =47860;Title =海康指纹门禁一体机DS-K1T804M
<2024-05-07 16:45:20>  IPstatiticsAdd >case UPDATE [SourceStatistic] SUCCESS :LastUpdateDate =7/5/2024 16:45:20 ,SourceStatisticsID =47860;Title =海康指纹门禁一体机DS-K1T804M
<2024-05-07 18:03:08>  IPstatiticsAdd >case UPDATE [SourceStatistic] SUCCESS :LastUpdateDate =7/5/2024 18:03:08 ,SourceStatisticsID =47860;Title =海康指纹门禁一体机DS-K1T804M
<2024-05-07 18:28:47>  IPstatiticsAdd >case UPDATE [SourceStatistic] SUCCESS :LastUpdateDate =7/5/2024 18:28:47 ,SourceStatisticsID =47860;Title =海康指纹门禁一体机DS-K1T804M
<2024-05-07 18:46:50>  IPstatiticsAdd >case UPDATE [SourceStatistic] SUCCESS :LastUpdateDate =7/5/2024 18:46:50 ,SourceStatisticsID =47860;Title =海康指纹门禁一体机DS-K1T804M
<2024-05-07 19:02:38>  IPstatiticsAdd >case UPDATE [SourceStatistic] SUCCESS :LastUpdateDate =7/5/2024 19:02:38 ,SourceStatisticsID =47860;Title =海康指纹门禁一体机DS-K1T804M
<2024-05-07 22:41:05>  IPstatiticsAdd >case UPDATE [SourceStatistic] SUCCESS :LastUpdateDate =7/5/2024 22:41:05 ,SourceStatisticsID =47862;Title =【SEM运营秘籍】账户关键词有展现没点击解决秘籍分析
<2024-05-07 23:09:53>  IPstatiticsAdd >case UPDATE [SourceStatistic] SUCCESS :LastUpdateDate =7/5/2024 23:09:53 ,SourceStatisticsID =47864;Title =竞价排名排名的最新应对办法与案例分析
<2024-05-08 01:34:45>  IPstatiticsAdd >case UPDATE [SourceStatistic] SUCCESS :LastUpdateDate =8/5/2024 1:34:45 ,SourceStatisticsID =47865;Title =海康指纹门禁一体机DS-K1T804M
<2024-05-08 01:39:07>  IPstatiticsAdd >case UPDATE [SourceStatistic] SUCCESS :LastUpdateDate =8/5/2024 1:39:07 ,SourceStatisticsID =47865;Title =海康指纹门禁一体机DS-K1T804M
<2024-05-08 11:15:31>  IPstatiticsAdd >case UPDATE [SourceStatistic] SUCCESS :LastUpdateDate =8/5/2024 11:15:31 ,SourceStatisticsID =47866;Title =海康威视DS-K1T6QT-人脸门禁刷卡
<2024-05-08 11:18:02>  IPstatiticsAdd >case UPDATE [SourceStatistic] SUCCESS :LastUpdateDate =8/5/2024 11:18:02 ,SourceStatisticsID =47866;Title =海康威视DS-K1T6QT-人脸门禁刷卡
<2024-05-08 11:19:04>  IPstatiticsAdd >case UPDATE [SourceStatistic] SUCCESS :LastUpdateDate =8/5/2024 11:19:04 ,SourceStatisticsID =47865;Title =海康指纹门禁一体机DS-K1T804M
<2024-05-08 11:20:38>  IPstatiticsAdd >case UPDATE [SourceStatistic] SUCCESS :LastUpdateDate =8/5/2024 11:20:38 ,SourceStatisticsID =47865;Title =海康指纹门禁一体机DS-K1T804M
<2024-05-08 11:23:02>  IPstatiticsAdd >case UPDATE [SourceStatistic] SUCCESS :LastUpdateDate =8/5/2024 11:23:02 ,SourceStatisticsID =47865;Title =海康指纹门禁一体机DS-K1T804M
<2024-05-08 11:25:19>  IPstatiticsAdd >case UPDATE [SourceStatistic] SUCCESS :LastUpdateDate =8/5/2024 11:25:19 ,SourceStatisticsID =47865;Title =海康指纹门禁一体机DS-K1T804M
<2024-05-08 11:25:38>  IPstatiticsAdd >case UPDATE [SourceStatistic] SUCCESS :LastUpdateDate =8/5/2024 11:25:38 ,SourceStatisticsID =47865;Title =海康指纹门禁一体机DS-K1T804M
<2024-05-08 12:43:44>  IPstatiticsAdd >case UPDATE [SourceStatistic] SUCCESS :LastUpdateDate =8/5/2024 12:43:44 ,SourceStatisticsID =47865;Title =海康指纹门禁一体机DS-K1T804M
<2024-05-08 12:45:08>  IPstatiticsAdd >case UPDATE [SourceStatistic] SUCCESS :LastUpdateDate =8/5/2024 12:45:08 ,SourceStatisticsID =47866;Title =海康威视DS-K1T6QT-人脸门禁刷卡
<2024-05-08 12:50:19>  IPstatiticsAdd >case UPDATE [SourceStatistic] SUCCESS :LastUpdateDate =8/5/2024 12:50:19 ,SourceStatisticsID =47865;Title =海康指纹门禁一体机DS-K1T804M
<2024-05-08 12:55:21>  IPstatiticsAdd >case UPDATE [SourceStatistic] SUCCESS :LastUpdateDate =8/5/2024 12:55:21 ,SourceStatisticsID =47865;Title =海康指纹门禁一体机DS-K1T804M
<2024-05-08 13:03:20>  IPstatiticsAdd >case UPDATE [SourceStatistic] SUCCESS :LastUpdateDate =8/5/2024 13:03:20 ,SourceStatisticsID =47866;Title =海康威视DS-K1T6QT-人脸门禁刷卡
<2024-05-08 13:19:43>  IPstatiticsAdd >case UPDATE [SourceStatistic] SUCCESS :LastUpdateDate =8/5/2024 13:19:43 ,SourceStatisticsID =47866;Title =海康威视DS-K1T6QT-人脸门禁刷卡
<2024-05-08 13:20:11>  IPstatiticsAdd >case UPDATE [SourceStatistic] SUCCESS :LastUpdateDate =8/5/2024 13:20:11 ,SourceStatisticsID =47865;Title =海康指纹门禁一体机DS-K1T804M
<2024-05-08 13:22:36>  IPstatiticsAdd >case UPDATE [SourceStatistic] SUCCESS :LastUpdateDate =8/5/2024 13:22:36 ,SourceStatisticsID =47865;Title =海康指纹门禁一体机DS-K1T804M
<2024-05-08 13:41:52>  IPstatiticsAdd >case UPDATE [SourceStatistic] SUCCESS :LastUpdateDate =8/5/2024 13:41:52 ,SourceStatisticsID =47920;Title =IoT物联网考勤场景的应用 
<2024-05-08 14:20:09>  IPstatiticsAdd >case UPDATE [SourceStatistic] SUCCESS :LastUpdateDate =8/5/2024 14:20:09 ,SourceStatisticsID =47865;Title =海康指纹门禁一体机DS-K1T804M
<2024-05-08 14:32:32>  IPstatiticsAdd >case UPDATE [SourceStatistic] SUCCESS :LastUpdateDate =8/5/2024 14:32:32 ,SourceStatisticsID =47865;Title =海康指纹门禁一体机DS-K1T804M
